{"target": -12.4780129010131, "params": {"x": -1.2662205459144347, "y": -2.445968431387213}, "datetime": {"datetime": "2022-10-04 11:36:25", "elapsed": 0.0, "delta": 0.0}}
{"target": -3.8540423116243687, "params": {"x": -1.0686989431116456, "y": -0.9266356377417138}, "datetime": {"datetime": "2022-10-04 11:36:25", "elapsed": 0.000856, "delta": 0.000856}}
{"target": -3.5942900266182383, "params": {"x": 0.7709020862718159, "y": 3.0}, "datetime": {"datetime": "2022-10-04 11:36:25", "elapsed": 0.054504, "delta": 0.053648}}
{"target": 0.8237724990398682, "params": {"x": 0.034343484382087654, "y": 1.4183874114270518}, "datetime": {"datetime": "2022-10-04 11:36:25", "elapsed": 0.096758, "delta": 0.042254}}
{"target": 0.9720552341889386, "params": {"x": -0.10513288649835222, "y": 0.8700313807583308}, "datetime": {"datetime": "2022-10-04 11:36:25", "elapsed": 0.161911, "delta": 0.065153}}
